Base path: C:/Program Files/Unity/Hub/Editor/2019.3.12f1/Editor/Data
Pipe name: \\.\pipe\UnityShaderCompiler-64bit-1-16360
Cmd: getPlatforms
Cmd: preprocess
  insize=1459 outsize=493 ok=1
Cmd: compileSnippet
  error: 2 plat 4 at (36): undeclared identifier 'UnityObjectToClipPos'\nCompiling Vertex program
  api=4 type=0 insize=1268 outsize=0 kw= ok=0
Cmd: preprocess
  insize=452 outsize=452 ok=1
Cmd: preprocess
  insize=8157 outsize=611 ok=1
Cmd: compileSnippet
  error: 2 plat 4 at (90): undeclared identifier 'UnityObjectToClipPos'\nCompiling Vertex program
  api=4 type=0 insize=7850 outsize=0 kw= ok=0
Cmd: preprocess
  insize=1683 outsize=2324 ok=1
Cmd: compileSnippet
  api=4 type=0 insize=10916 outsize=1501 kw=DIRECTIONAL SHADOWS_OFF LIGHTMAP_OFF DIRLIGHTMAP_OFF DYNAMICLIGHTMAP_OFF ok=1
Cmd: compileSnippet
  api=4 type=1 insize=10916 outsize=3516 kw=DIRECTIONAL SHADOWS_OFF LIGHTMAP_OFF DIRLIGHTMAP_OFF DYNAMICLIGHTMAP_OFF ok=1
Cmd: compileSnippet
  api=4 type=2 insize=10916 outsize=7928 kw=DIRECTIONAL SHADOWS_OFF LIGHTMAP_OFF DIRLIGHTMAP_OFF DYNAMICLIGHTMAP_OFF ok=1
Cmd: compileSnippet
  api=4 type=3 insize=10916 outsize=6116 kw=DIRECTIONAL SHADOWS_OFF LIGHTMAP_OFF DIRLIGHTMAP_OFF DYNAMICLIGHTMAP_OFF ok=1
Cmd: compileSnippet
  api=4 type=0 insize=8311 outsize=1501 kw=POINT ok=1
Cmd: compileSnippet
  api=4 type=1 insize=8311 outsize=3703 kw=POINT ok=1
Cmd: compileSnippet
  api=4 type=2 insize=8311 outsize=7928 kw=POINT ok=1
Cmd: compileSnippet
  api=4 type=3 insize=8311 outsize=5353 kw=POINT ok=1
Cmd: compileSnippet
  api=4 type=0 insize=7430 outsize=1501 kw= ok=1
Cmd: compileSnippet
  api=4 type=1 insize=7430 outsize=1591 kw= ok=1
Cmd: compileSnippet
  api=4 type=2 insize=7430 outsize=7928 kw= ok=1
Cmd: compileSnippet
  api=4 type=3 insize=7430 outsize=5312 kw= ok=1
Cmd: compileSnippet
  api=4 type=0 insize=9801 outsize=1501 kw=LIGHTMAP_OFF DIRLIGHTMAP_OFF DYNAMICLIGHTMAP_OFF HDR_LIGHT_PREPASS_OFF ok=1
Cmd: compileSnippet
  api=4 type=1 insize=9801 outsize=1607 kw=LIGHTMAP_OFF DIRLIGHTMAP_OFF DYNAMICLIGHTMAP_OFF HDR_LIGHT_PREPASS_OFF ok=1
Cmd: compileSnippet
  api=4 type=2 insize=9801 outsize=7928 kw=LIGHTMAP_OFF DIRLIGHTMAP_OFF DYNAMICLIGHTMAP_OFF HDR_LIGHT_PREPASS_OFF ok=1
Cmd: compileSnippet
  api=4 type=3 insize=9801 outsize=5320 kw=LIGHTMAP_OFF DIRLIGHTMAP_OFF DYNAMICLIGHTMAP_OFF HDR_LIGHT_PREPASS_OFF ok=1
Cmd: compileSnippet
  api=4 type=0 insize=10775 outsize=1501 kw=LIGHTMAP_OFF DIRLIGHTMAP_OFF DYNAMICLIGHTMAP_OFF HDR_LIGHT_PREPASS_OFF ok=1
Cmd: compileSnippet
  api=4 type=1 insize=10775 outsize=2744 kw=LIGHTMAP_OFF DIRLIGHTMAP_OFF DYNAMICLIGHTMAP_OFF HDR_LIGHT_PREPASS_OFF ok=1
Cmd: compileSnippet
  api=4 type=2 insize=10775 outsize=7928 kw=LIGHTMAP_OFF DIRLIGHTMAP_OFF DYNAMICLIGHTMAP_OFF HDR_LIGHT_PREPASS_OFF ok=1
Cmd: compileSnippet
  api=4 type=3 insize=10775 outsize=6116 kw=LIGHTMAP_OFF DIRLIGHTMAP_OFF DYNAMICLIGHTMAP_OFF HDR_LIGHT_PREPASS_OFF ok=1
Cmd: compileSnippet
  api=4 type=0 insize=6242 outsize=1501 kw=SHADOWS_DEPTH ok=1
Cmd: compileSnippet
  api=4 type=1 insize=6242 outsize=534 kw=SHADOWS_DEPTH ok=1
Cmd: compileSnippet
  api=4 type=2 insize=6242 outsize=7928 kw=SHADOWS_DEPTH ok=1
Cmd: compileSnippet
  api=4 type=3 insize=6242 outsize=5223 kw=SHADOWS_DEPTH ok=1
Cmd: compileSnippet
  api=4 type=0 insize=7415 outsize=1501 kw= ok=1
Cmd: compileSnippet
  api=4 type=1 insize=7415 outsize=1436 kw= ok=1
Cmd: compileSnippet
  api=4 type=2 insize=7415 outsize=7928 kw= ok=1
Cmd: compileSnippet
  api=4 type=3 insize=7415 outsize=6214 kw= ok=1
Cmd: preprocess
  insize=4405 outsize=1117 ok=1
Cmd: compileSnippet
  error: 2 plat 4 at (75): undeclared identifier 'UnityObjectToClipPos'\nCompiling Vertex program with WATER_REFRACTIVE
  api=4 type=0 insize=3592 outsize=0 kw=WATER_REFRACTIVE ok=0
Cmd: preprocess
  insize=1144 outsize=1391 ok=1
Cmd: compileSnippet
  api=4 type=0 insize=7414 outsize=4093 kw=DIRECTIONAL LIGHTMAP_OFF DIRLIGHTMAP_OFF DYNAMICLIGHTMAP_OFF ok=1
Cmd: compileSnippet
  api=4 type=1 insize=7414 outsize=2704 kw=DIRECTIONAL LIGHTMAP_OFF DIRLIGHTMAP_OFF DYNAMICLIGHTMAP_OFF ok=1
Cmd: compileSnippet
  api=4 type=0 insize=3978 outsize=2753 kw=POINT ok=1
Cmd: compileSnippet
  api=4 type=1 insize=3978 outsize=2866 kw=POINT ok=1
Cmd: compileSnippet
  api=4 type=0 insize=3503 outsize=3793 kw= ok=1
Cmd: compileSnippet
  api=4 type=1 insize=3503 outsize=2574 kw= ok=1
Cmd: preprocess
  insize=1518 outsize=2267 ok=1
Cmd: compileSnippet
  api=4 type=0 insize=11081 outsize=1501 kw=DIRECTIONAL SHADOWS_OFF LIGHTMAP_OFF DIRLIGHTMAP_OFF DYNAMICLIGHTMAP_OFF ok=1
Cmd: compileSnippet
  api=4 type=1 insize=11081 outsize=3516 kw=DIRECTIONAL SHADOWS_OFF LIGHTMAP_OFF DIRLIGHTMAP_OFF DYNAMICLIGHTMAP_OFF ok=1
Cmd: compileSnippet
  api=4 type=2 insize=11081 outsize=7863 kw=DIRECTIONAL SHADOWS_OFF LIGHTMAP_OFF DIRLIGHTMAP_OFF DYNAMICLIGHTMAP_OFF ok=1
Cmd: compileSnippet
  api=4 type=3 insize=11081 outsize=7083 kw=DIRECTIONAL SHADOWS_OFF LIGHTMAP_OFF DIRLIGHTMAP_OFF DYNAMICLIGHTMAP_OFF ok=1
Cmd: compileSnippet
  api=4 type=0 insize=8476 outsize=1501 kw=POINT ok=1
Cmd: compileSnippet
  api=4 type=1 insize=8476 outsize=3703 kw=POINT ok=1
Cmd: compileSnippet
  api=4 type=2 insize=8476 outsize=7863 kw=POINT ok=1
Cmd: compileSnippet
  api=4 type=3 insize=8476 outsize=6319 kw=POINT ok=1
Cmd: compileSnippet
  api=4 type=0 insize=7595 outsize=1501 kw= ok=1
Cmd: compileSnippet
  api=4 type=1 insize=7595 outsize=1591 kw= ok=1
Cmd: compileSnippet
  api=4 type=2 insize=7595 outsize=7863 kw= ok=1
Cmd: compileSnippet
  api=4 type=3 insize=7595 outsize=6279 kw= ok=1
Cmd: compileSnippet
  api=4 type=0 insize=9966 outsize=1501 kw=LIGHTMAP_OFF DIRLIGHTMAP_OFF DYNAMICLIGHTMAP_OFF HDR_LIGHT_PREPASS_OFF ok=1
Cmd: compileSnippet
  api=4 type=1 insize=9966 outsize=1607 kw=LIGHTMAP_OFF DIRLIGHTMAP_OFF DYNAMICLIGHTMAP_OFF HDR_LIGHT_PREPASS_OFF ok=1
Cmd: compileSnippet
  api=4 type=2 insize=9966 outsize=7863 kw=LIGHTMAP_OFF DIRLIGHTMAP_OFF DYNAMICLIGHTMAP_OFF HDR_LIGHT_PREPASS_OFF ok=1
Cmd: compileSnippet
  api=4 type=3 insize=9966 outsize=6287 kw=LIGHTMAP_OFF DIRLIGHTMAP_OFF DYNAMICLIGHTMAP_OFF HDR_LIGHT_PREPASS_OFF ok=1
Cmd: compileSnippet
  api=4 type=0 insize=10940 outsize=1501 kw=LIGHTMAP_OFF DIRLIGHTMAP_OFF DYNAMICLIGHTMAP_OFF HDR_LIGHT_PREPASS_OFF ok=1
Cmd: compileSnippet
  api=4 type=1 insize=10940 outsize=2744 kw=LIGHTMAP_OFF DIRLIGHTMAP_OFF DYNAMICLIGHTMAP_OFF HDR_LIGHT_PREPASS_OFF ok=1
Cmd: compileSnippet
  api=4 type=2 insize=10940 outsize=7863 kw=LIGHTMAP_OFF DIRLIGHTMAP_OFF DYNAMICLIGHTMAP_OFF HDR_LIGHT_PREPASS_OFF ok=1
Cmd: compileSnippet
  api=4 type=3 insize=10940 outsize=7083 kw=LIGHTMAP_OFF DIRLIGHTMAP_OFF DYNAMICLIGHTMAP_OFF HDR_LIGHT_PREPASS_OFF ok=1
Cmd: compileSnippet
  api=4 type=0 insize=6407 outsize=1501 kw=SHADOWS_DEPTH ok=1
Cmd: compileSnippet
  api=4 type=1 insize=6407 outsize=534 kw=SHADOWS_DEPTH ok=1
Cmd: compileSnippet
  api=4 type=2 insize=6407 outsize=7863 kw=SHADOWS_DEPTH ok=1
Cmd: compileSnippet
  api=4 type=3 insize=6407 outsize=5954 kw=SHADOWS_DEPTH ok=1
Cmd: compileSnippet
  api=4 type=0 insize=7580 outsize=1501 kw= ok=1
Cmd: compileSnippet
  api=4 type=1 insize=7580 outsize=1436 kw= ok=1
Cmd: compileSnippet
  api=4 type=2 insize=7580 outsize=7863 kw= ok=1
Cmd: compileSnippet
  api=4 type=3 insize=7580 outsize=7181 kw= ok=1
Cmd: preprocess
  insize=1060 outsize=1582 ok=1
Cmd: compileSnippet
  api=4 type=0 insize=7217 outsize=3443 kw=DIRECTIONAL SHADOWS_OFF LIGHTMAP_OFF DIRLIGHTMAP_OFF DYNAMICLIGHTMAP_OFF ok=1
Cmd: compileSnippet
  api=4 type=1 insize=7217 outsize=1769 kw=DIRECTIONAL SHADOWS_OFF LIGHTMAP_OFF DIRLIGHTMAP_OFF DYNAMICLIGHTMAP_OFF ok=1
Cmd: compileSnippet
  api=4 type=0 insize=4094 outsize=2533 kw=POINT ok=1
Cmd: compileSnippet
  api=4 type=1 insize=4094 outsize=2379 kw=POINT ok=1
Cmd: compileSnippet
  api=4 type=0 insize=3349 outsize=2533 kw= ok=1
Cmd: compileSnippet
  api=4 type=1 insize=3349 outsize=697 kw= ok=1
Cmd: compileSnippet
  api=4 type=0 insize=6380 outsize=3971 kw=LIGHTMAP_OFF DIRLIGHTMAP_OFF DYNAMICLIGHTMAP_OFF HDR_LIGHT_PREPASS_OFF ok=1
Cmd: compileSnippet
  api=4 type=1 insize=6380 outsize=1891 kw=LIGHTMAP_OFF DIRLIGHTMAP_OFF DYNAMICLIGHTMAP_OFF HDR_LIGHT_PREPASS_OFF ok=1
Cmd: compileSnippet
  api=4 type=0 insize=6375 outsize=3581 kw=LIGHTMAP_OFF DIRLIGHTMAP_OFF DYNAMICLIGHTMAP_OFF HDR_LIGHT_PREPASS_OFF ok=1
Cmd: compileSnippet
  api=4 type=1 insize=6375 outsize=2103 kw=LIGHTMAP_OFF DIRLIGHTMAP_OFF DYNAMICLIGHTMAP_OFF HDR_LIGHT_PREPASS_OFF ok=1
Cmd: compileSnippet
  api=4 type=0 insize=3574 outsize=3216 kw= ok=1
Cmd: compileSnippet
  api=4 type=1 insize=3574 outsize=1843 kw= ok=1
Cmd: preprocess
  insize=13381 outsize=2743 ok=1
Cmd: compileSnippet
  error: 2 plat 4 at WaterInclude.cginc(74): undeclared identifier 'ComputeNonStereoScreenPos'\nCompiling Vertex program with WATER_REFLECTIVE WATER_VERTEX_DISPLACEMENT_ON WATER_EDGEBLEND_ON
  api=4 type=0 insize=10636 outsize=0 kw=WATER_REFLECTIVE WATER_VERTEX_DISPLACEMENT_ON WATER_EDGEBLEND_ON ok=0
Cmd: preprocess
  insize=1097 outsize=1052 ok=1
Cmd: compileSnippet
  api=4 type=0 insize=6833 outsize=3281 kw=DIRECTIONAL SHADOWS_OFF LIGHTMAP_OFF DIRLIGHTMAP_OFF DYNAMICLIGHTMAP_OFF ok=1
Cmd: compileSnippet
  api=4 type=1 insize=6833 outsize=1469 kw=DIRECTIONAL SHADOWS_OFF LIGHTMAP_OFF DIRLIGHTMAP_OFF DYNAMICLIGHTMAP_OFF ok=1
Cmd: compileSnippet
  api=4 type=0 insize=3951 outsize=2753 kw=POINT ok=1
Cmd: compileSnippet
  api=4 type=1 insize=3951 outsize=2151 kw=POINT ok=1
Cmd: compileSnippet
  api=4 type=0 insize=3369 outsize=2103 kw= ok=1
Cmd: compileSnippet
  api=4 type=1 insize=3369 outsize=1266 kw= ok=1
Cmd: preprocess
  insize=2378 outsize=1092 ok=1
Cmd: compileSnippet
  error: 2 plat 4 at (55): undeclared identifier 'UnityObjectToClipPos'\nCompiling Vertex program with SOFTPARTICLES_OFF
  api=4 type=0 insize=1588 outsize=0 kw=SOFTPARTICLES_OFF ok=0
Cmd: preprocess
  insize=2339 outsize=1021 ok=1
Cmd: compileSnippet
  error: 2 plat 4 at (53): undeclared identifier 'UnityObjectToClipPos'\nCompiling Vertex program with SOFTPARTICLES_OFF
  api=4 type=0 insize=1617 outsize=0 kw=SOFTPARTICLES_OFF ok=0
Cmd: preprocess
  insize=12504 outsize=2621 ok=1
Cmd: compileSnippet
  error: 2 plat 4 at WaterInclude.cginc(74): undeclared identifier 'ComputeNonStereoScreenPos'\nCompiling Vertex program with WATER_REFLECTIVE WATER_VERTEX_DISPLACEMENT_ON WATER_EDGEBLEND_ON
  api=4 type=0 insize=9885 outsize=0 kw=WATER_REFLECTIVE WATER_VERTEX_DISPLACEMENT_ON WATER_EDGEBLEND_ON ok=0
Cmd: preprocess
  insize=2776 outsize=1205 ok=1
Cmd: compileSnippet
  error: 2 plat 4 at (59): undeclared identifier 'UnityObjectToClipPos'\nCompiling Vertex program
  api=4 type=0 insize=1873 outsize=0 kw= ok=0
Cmd: preprocess
  insize=1637 outsize=669 ok=1
Cmd: compileSnippet
  error: 2 plat 4 at (30): undeclared identifier 'UnityObjectToClipPos'\nCompiling Vertex program
  api=4 type=0 insize=1273 outsize=0 kw= ok=0
Cmd: preprocess
  insize=1966 outsize=620 ok=1
Cmd: compileSnippet
  error: 2 plat 4 at (40): undeclared identifier 'UnityObjectToClipPos'\nCompiling Vertex program
  api=4 type=0 insize=1652 outsize=0 kw= ok=0
Cmd: preprocess
  insize=1057 outsize=1823 ok=1
Cmd: compileSnippet
  api=4 type=0 insize=7471 outsize=4093 kw=DIRECTIONAL SHADOWS_OFF LIGHTMAP_OFF DIRLIGHTMAP_OFF DYNAMICLIGHTMAP_OFF ok=1
Cmd: compileSnippet
  api=4 type=1 insize=7471 outsize=2696 kw=DIRECTIONAL SHADOWS_OFF LIGHTMAP_OFF DIRLIGHTMAP_OFF DYNAMICLIGHTMAP_OFF ok=1
Cmd: compileSnippet
  api=4 type=0 insize=4034 outsize=2753 kw=POINT ok=1
Cmd: compileSnippet
  api=4 type=1 insize=4034 outsize=2858 kw=POINT ok=1
Cmd: compileSnippet
  api=4 type=0 insize=3106 outsize=2533 kw= ok=1
Cmd: compileSnippet
  api=4 type=1 insize=3106 outsize=738 kw= ok=1
Cmd: compileSnippet
  api=4 type=0 insize=6354 outsize=4475 kw=LIGHTMAP_OFF DIRLIGHTMAP_OFF DYNAMICLIGHTMAP_OFF HDR_LIGHT_PREPASS_OFF ok=1
Cmd: compileSnippet
  api=4 type=1 insize=6354 outsize=1964 kw=LIGHTMAP_OFF DIRLIGHTMAP_OFF DYNAMICLIGHTMAP_OFF HDR_LIGHT_PREPASS_OFF ok=1
Cmd: compileSnippet
  api=4 type=0 insize=6535 outsize=4231 kw=LIGHTMAP_OFF DIRLIGHTMAP_OFF DYNAMICLIGHTMAP_OFF HDR_LIGHT_PREPASS_OFF ok=1
Cmd: compileSnippet
  api=4 type=1 insize=6535 outsize=2078 kw=LIGHTMAP_OFF DIRLIGHTMAP_OFF DYNAMICLIGHTMAP_OFF HDR_LIGHT_PREPASS_OFF ok=1
Cmd: compileSnippet
  api=4 type=0 insize=3475 outsize=3793 kw= ok=1
Cmd: compileSnippet
  api=4 type=1 insize=3475 outsize=2574 kw= ok=1
Cmd: preprocess
  insize=1521 outsize=528 ok=1
Cmd: compileSnippet
  error: 2 plat 4 at (38): undeclared identifier 'UnityObjectToClipPos'\nCompiling Vertex program
  api=4 type=0 insize=1295 outsize=0 kw= ok=0
Cmd: preprocess
  insize=2378 outsize=1086 ok=1
Cmd: compileSnippet
  error: 2 plat 4 at (55): undeclared identifier 'UnityObjectToClipPos'\nCompiling Vertex program with SOFTPARTICLES_OFF
  api=4 type=0 insize=1591 outsize=0 kw=SOFTPARTICLES_OFF ok=0
Cmd: preprocess
  insize=1370 outsize=403 ok=1
Cmd: compileSnippet
  error: 2 plat 4 at (43): undeclared identifier 'UnityObjectToClipPos'\nCompiling Vertex program
  api=4 type=0 insize=1268 outsize=0 kw= ok=0
Cmd: preprocess
  insize=902 outsize=1227 ok=1
Cmd: compileSnippet
  api=4 type=0 insize=7205 outsize=4093 kw=DIRECTIONAL LIGHTMAP_OFF DIRLIGHTMAP_OFF DYNAMICLIGHTMAP_OFF ok=1
Cmd: compileSnippet
  api=4 type=1 insize=7205 outsize=1656 kw=DIRECTIONAL LIGHTMAP_OFF DIRLIGHTMAP_OFF DYNAMICLIGHTMAP_OFF ok=1
Cmd: compileSnippet
  api=4 type=0 insize=3811 outsize=2753 kw=POINT ok=1
Cmd: compileSnippet
  api=4 type=1 insize=3811 outsize=1948 kw=POINT ok=1
Cmd: compileSnippet
  api=4 type=0 insize=3422 outsize=3793 kw= ok=1
Cmd: compileSnippet
  api=4 type=1 insize=3422 outsize=2517 kw= ok=1
Cmd: compileSnippet
  api=4 type=0 insize=751 outsize=3533 kw=SHADOWS_DEPTH ok=1
Cmd: compileSnippet
  api=4 type=1 insize=751 outsize=380 kw=SHADOWS_DEPTH ok=1
Cmd: compileSnippet
  api=4 type=0 insize=977 outsize=3979 kw=DIRECTIONAL SHADOWS_OFF LIGHTMAP_OFF DIRLIGHTMAP_OFF DYNAMICLIGHTMAP_OFF _EMISSION ok=1
Cmd: compileSnippet
  api=4 type=1 insize=977 outsize=10715 kw=DIRECTIONAL SHADOWS_OFF LIGHTMAP_OFF DIRLIGHTMAP_OFF DYNAMICLIGHTMAP_OFF _EMISSION ok=1
Cmd: compileSnippet
  api=4 type=0 insize=934 outsize=4036 kw=DIRECTIONAL SHADOWS_OFF ok=1
Cmd: compileSnippet
  api=4 type=1 insize=934 outsize=5401 kw=DIRECTIONAL SHADOWS_OFF ok=1
Cmd: compileSnippet
  api=4 type=0 insize=8476 outsize=1501 kw=DIRECTIONAL ok=1
Cmd: compileSnippet
  api=4 type=1 insize=8476 outsize=2948 kw=DIRECTIONAL ok=1
Cmd: compileSnippet
  api=4 type=2 insize=8476 outsize=7863 kw=DIRECTIONAL ok=1
Cmd: compileSnippet
  api=4 type=3 insize=8476 outsize=6319 kw=DIRECTIONAL ok=1
Cmd: compileSnippet
  api=4 type=0 insize=1642 outsize=1290 kw=SOFTPARTICLES_OFF ok=1
Cmd: compileSnippet
  api=4 type=1 insize=1642 outsize=924 kw=SOFTPARTICLES_OFF ok=1
Cmd: compileSnippet
  api=4 type=0 insize=1319 outsize=14623 kw=SHADOWS_DEPTH GEOM_TYPE_FROND ok=1
Cmd: compileSnippet
  api=4 type=1 insize=1319 outsize=908 kw=SHADOWS_DEPTH GEOM_TYPE_FROND ok=1
Cmd: compileSnippet
  api=4 type=0 insize=634781 outsize=15623 kw=DIRECTIONAL SHADOWS_OFF LIGHTMAP_OFF DIRLIGHTMAP_OFF DYNAMICLIGHTMAP_OFF EFFECT_BUMP EFFECT_HUE_VARIATION GEOM_TYPE_FROND ok=1
Cmd: compileSnippet
  api=4 type=1 insize=634781 outsize=3151 kw=DIRECTIONAL SHADOWS_OFF LIGHTMAP_OFF DIRLIGHTMAP_OFF DYNAMICLIGHTMAP_OFF EFFECT_BUMP EFFECT_HUE_VARIATION GEOM_TYPE_FROND ok=1
Cmd: compileSnippet
  api=4 type=0 insize=408937 outsize=14997 kw=DIRECTIONAL EFFECT_BUMP EFFECT_HUE_VARIATION GEOM_TYPE_FROND ok=1
Cmd: compileSnippet
  api=4 type=1 insize=408937 outsize=2761 kw=DIRECTIONAL EFFECT_BUMP EFFECT_HUE_VARIATION GEOM_TYPE_FROND ok=1
Cmd: compileSnippet
  api=4 type=0 insize=977 outsize=3979 kw=DIRECTIONAL SHADOWS_OFF LIGHTMAP_OFF DIRLIGHTMAP_OFF DYNAMICLIGHTMAP_OFF ok=1
Cmd: compileSnippet
  api=4 type=1 insize=977 outsize=10504 kw=DIRECTIONAL SHADOWS_OFF LIGHTMAP_OFF DIRLIGHTMAP_OFF DYNAMICLIGHTMAP_OFF ok=1
Cmd: compileSnippet
  api=4 type=0 insize=1319 outsize=13681 kw=SHADOWS_DEPTH GEOM_TYPE_BRANCH ok=1
Cmd: compileSnippet
  api=4 type=1 insize=1319 outsize=453 kw=SHADOWS_DEPTH GEOM_TYPE_BRANCH ok=1
Cmd: compileSnippet
  api=4 type=0 insize=634781 outsize=14721 kw=DIRECTIONAL SHADOWS_OFF LIGHTMAP_OFF DIRLIGHTMAP_OFF DYNAMICLIGHTMAP_OFF EFFECT_BUMP EFFECT_HUE_VARIATION GEOM_TYPE_BRANCH ok=1
Cmd: compileSnippet
  api=4 type=1 insize=634781 outsize=2972 kw=DIRECTIONAL SHADOWS_OFF LIGHTMAP_OFF DIRLIGHTMAP_OFF DYNAMICLIGHTMAP_OFF EFFECT_BUMP EFFECT_HUE_VARIATION GEOM_TYPE_BRANCH ok=1
Cmd: compileSnippet
  api=4 type=0 insize=408937 outsize=14095 kw=DIRECTIONAL EFFECT_BUMP EFFECT_HUE_VARIATION GEOM_TYPE_BRANCH ok=1
Cmd: compileSnippet
  api=4 type=1 insize=408937 outsize=2582 kw=DIRECTIONAL EFFECT_BUMP EFFECT_HUE_VARIATION GEOM_TYPE_BRANCH ok=1
Cmd: compileSnippet
  api=4 type=0 insize=977 outsize=4638 kw=DIRECTIONAL SHADOWS_OFF LIGHTMAP_OFF DIRLIGHTMAP_OFF DYNAMICLIGHTMAP_OFF _NORMALMAP ok=1
Cmd: compileSnippet
  api=4 type=1 insize=977 outsize=11292 kw=DIRECTIONAL SHADOWS_OFF LIGHTMAP_OFF DIRLIGHTMAP_OFF DYNAMICLIGHTMAP_OFF _NORMALMAP ok=1
Cmd: compileSnippet
  api=4 type=0 insize=934 outsize=4036 kw=DIRECTIONAL SHADOWS_OFF _NORMALMAP ok=1
Cmd: compileSnippet
  api=4 type=1 insize=934 outsize=6141 kw=DIRECTIONAL SHADOWS_OFF _NORMALMAP ok=1
Unhandled exception: Readfile from pipe failed. GLE=The pipe has been ended.


Quitting shader compiler process
